c:\users\kaka\desktop\self_project\裴成龙\8、设计\3、算法及界面\设计\算法生成dll\x64\debug\vc140.pdb
c:\users\kaka\desktop\self_project\裴成龙\8、设计\3、算法及界面\设计\算法生成dll\x64\debug\stdafx.obj
c:\users\kaka\desktop\self_project\裴成龙\8、设计\3、算法及界面\设计\算法生成dll\x64\debug\openradar.obj
c:\users\kaka\desktop\self_project\裴成龙\8、设计\3、算法及界面\设计\算法生成dll\x64\debug\clrclass.obj
c:\users\kaka\desktop\self_project\裴成龙\8、设计\3、算法及界面\设计\算法生成dll\x64\debug\.netframework,version=v4.0.assemblyattributes.obj
c:\users\kaka\desktop\self_project\裴成龙\8、设计\3、算法及界面\设计\算法生成dll\x64\debug\.netframework,version=v4.0.assemblyattributes.asm
c:\users\kaka\desktop\self_project\裴成龙\8、设计\3、算法及界面\设计\算法生成dll\x64\debug\weightedfit.obj
c:\users\kaka\desktop\self_project\裴成龙\8、设计\3、算法及界面\设计\x64\debug\数据算法c++生成dll.dll
c:\users\kaka\desktop\self_project\裴成龙\8、设计\3、算法及界面\设计\x64\debug\数据算法c++生成dll.pdb
c:\users\kaka\desktop\self_project\裴成龙\8、设计\3、算法及界面\设计\算法生成dll\x64\debug\算法生成dll.vcxprojresolveassemblyreference.cache
c:\users\kaka\desktop\self_project\裴成龙\8、设计\3、算法及界面\设计\算法生成dll\x64\debug\数据算法c++生成dll.tlog\cl.command.1.tlog
c:\users\kaka\desktop\self_project\裴成龙\8、设计\3、算法及界面\设计\算法生成dll\x64\debug\数据算法c++生成dll.tlog\cl.read.1.tlog
c:\users\kaka\desktop\self_project\裴成龙\8、设计\3、算法及界面\设计\算法生成dll\x64\debug\数据算法c++生成dll.tlog\cl.write.1.tlog
c:\users\kaka\desktop\self_project\裴成龙\8、设计\3、算法及界面\设计\算法生成dll\x64\debug\数据算法c++生成dll.tlog\link.13944-cvtres.read.1.tlog
c:\users\kaka\desktop\self_project\裴成龙\8、设计\3、算法及界面\设计\算法生成dll\x64\debug\数据算法c++生成dll.tlog\link.13944-cvtres.write.1.tlog
c:\users\kaka\desktop\self_project\裴成龙\8、设计\3、算法及界面\设计\算法生成dll\x64\debug\数据算法c++生成dll.tlog\link.13944-rc.read.1.tlog
c:\users\kaka\desktop\self_project\裴成龙\8、设计\3、算法及界面\设计\算法生成dll\x64\debug\数据算法c++生成dll.tlog\link.13944-rc.write.1.tlog
c:\users\kaka\desktop\self_project\裴成龙\8、设计\3、算法及界面\设计\算法生成dll\x64\debug\数据算法c++生成dll.tlog\link.13944.read.1.tlog
c:\users\kaka\desktop\self_project\裴成龙\8、设计\3、算法及界面\设计\算法生成dll\x64\debug\数据算法c++生成dll.tlog\link.13944.write.1.tlog
c:\users\kaka\desktop\self_project\裴成龙\8、设计\3、算法及界面\设计\算法生成dll\x64\debug\数据算法c++生成dll.tlog\link.16800-cvtres.read.1.tlog
c:\users\kaka\desktop\self_project\裴成龙\8、设计\3、算法及界面\设计\算法生成dll\x64\debug\数据算法c++生成dll.tlog\link.16800-cvtres.write.1.tlog
c:\users\kaka\desktop\self_project\裴成龙\8、设计\3、算法及界面\设计\算法生成dll\x64\debug\数据算法c++生成dll.tlog\link.16800-rc.read.1.tlog
c:\users\kaka\desktop\self_project\裴成龙\8、设计\3、算法及界面\设计\算法生成dll\x64\debug\数据算法c++生成dll.tlog\link.16800-rc.write.1.tlog
c:\users\kaka\desktop\self_project\裴成龙\8、设计\3、算法及界面\设计\算法生成dll\x64\debug\数据算法c++生成dll.tlog\link.16800.read.1.tlog
c:\users\kaka\desktop\self_project\裴成龙\8、设计\3、算法及界面\设计\算法生成dll\x64\debug\数据算法c++生成dll.tlog\link.16800.write.1.tlog
c:\users\kaka\desktop\self_project\裴成龙\8、设计\3、算法及界面\设计\算法生成dll\x64\debug\数据算法c++生成dll.tlog\link.17092-cvtres.read.1.tlog
c:\users\kaka\desktop\self_project\裴成龙\8、设计\3、算法及界面\设计\算法生成dll\x64\debug\数据算法c++生成dll.tlog\link.17092-cvtres.write.1.tlog
c:\users\kaka\desktop\self_project\裴成龙\8、设计\3、算法及界面\设计\算法生成dll\x64\debug\数据算法c++生成dll.tlog\link.17092-rc.read.1.tlog
c:\users\kaka\desktop\self_project\裴成龙\8、设计\3、算法及界面\设计\算法生成dll\x64\debug\数据算法c++生成dll.tlog\link.17092-rc.write.1.tlog
c:\users\kaka\desktop\self_project\裴成龙\8、设计\3、算法及界面\设计\算法生成dll\x64\debug\数据算法c++生成dll.tlog\link.17092.read.1.tlog
c:\users\kaka\desktop\self_project\裴成龙\8、设计\3、算法及界面\设计\算法生成dll\x64\debug\数据算法c++生成dll.tlog\link.17092.write.1.tlog
c:\users\kaka\desktop\self_project\裴成龙\8、设计\3、算法及界面\设计\算法生成dll\x64\debug\数据算法c++生成dll.tlog\link.816-cvtres.read.1.tlog
c:\users\kaka\desktop\self_project\裴成龙\8、设计\3、算法及界面\设计\算法生成dll\x64\debug\数据算法c++生成dll.tlog\link.816-cvtres.write.1.tlog
c:\users\kaka\desktop\self_project\裴成龙\8、设计\3、算法及界面\设计\算法生成dll\x64\debug\数据算法c++生成dll.tlog\link.816-rc.read.1.tlog
c:\users\kaka\desktop\self_project\裴成龙\8、设计\3、算法及界面\设计\算法生成dll\x64\debug\数据算法c++生成dll.tlog\link.816-rc.write.1.tlog
c:\users\kaka\desktop\self_project\裴成龙\8、设计\3、算法及界面\设计\算法生成dll\x64\debug\数据算法c++生成dll.tlog\link.816.read.1.tlog
c:\users\kaka\desktop\self_project\裴成龙\8、设计\3、算法及界面\设计\算法生成dll\x64\debug\数据算法c++生成dll.tlog\link.816.write.1.tlog
c:\users\kaka\desktop\self_project\裴成龙\8、设计\3、算法及界面\设计\算法生成dll\x64\debug\数据算法c++生成dll.tlog\link.command.1.tlog
c:\users\kaka\desktop\self_project\裴成龙\8、设计\3、算法及界面\设计\算法生成dll\x64\debug\数据算法c++生成dll.tlog\link.read.1.tlog
c:\users\kaka\desktop\self_project\裴成龙\8、设计\3、算法及界面\设计\算法生成dll\x64\debug\数据算法c++生成dll.tlog\link.write.1.tlog
c:\users\kaka\desktop\self_project\裴成龙\8、设计\3、算法及界面\设计\算法生成dll\x64\debug\数据算法c++生成dll.tlog\metagen.read.1.tlog
c:\users\kaka\desktop\self_project\裴成龙\8、设计\3、算法及界面\设计\算法生成dll\x64\debug\数据算法c++生成dll.tlog\metagen.write.1.tlog
c:\users\kaka\desktop\self_project\裴成龙\8、设计\3、算法及界面\设计\算法生成dll\x64\debug\数据算法c++生成dll.tlog\tzres.dll.bi
