C:\Program Files (x86)\MSBuild\Microsoft.Cpp\v4.0\V140\Microsoft.CppBuild.targets(392,5): warning MSB8028: The intermediate directory (x64\Release\) contains files shared from another project (算法生成dll.vcxproj).  This can lead to incorrect clean and rebuild behavior.
  clrClass.cpp
C:\opencv\build\include\opencv2/core/mat.hpp(2586): warning C4819: 该文件包含不能在当前代码页(936)中表示的字符。请将该文件保存为 Unicode 格式以防止数据丢失
C:\opencv\build\include\opencv2/core/persistence.hpp : warning C4819: 该文件包含不能在当前代码页(936)中表示的字符。请将该文件保存为 Unicode 格式以防止数据丢失
C:\opencv\build\include\opencv2/core/utility.hpp : warning C4819: 该文件包含不能在当前代码页(936)中表示的字符。请将该文件保存为 Unicode 格式以防止数据丢失
  OpenRadar.cpp
C:\opencv\build\include\opencv2/core/mat.hpp(2586): warning C4819: 该文件包含不能在当前代码页(936)中表示的字符。请将该文件保存为 Unicode 格式以防止数据丢失
C:\opencv\build\include\opencv2/core/persistence.hpp : warning C4819: 该文件包含不能在当前代码页(936)中表示的字符。请将该文件保存为 Unicode 格式以防止数据丢失
C:\opencv\build\include\opencv2/core/utility.hpp : warning C4819: 该文件包含不能在当前代码页(936)中表示的字符。请将该文件保存为 Unicode 格式以防止数据丢失
OpenRadar.cpp(258): warning C4244: “=”: 从“double”转换到“int”，可能丢失数据
OpenRadar.cpp(259): warning C4244: “=”: 从“double”转换到“int”，可能丢失数据
OpenRadar.cpp(291): warning C4244: “=”: 从“double”转换到“int”，可能丢失数据
OpenRadar.cpp(292): warning C4244: “=”: 从“double”转换到“int”，可能丢失数据
  stdafx.cpp
  WeightedFit.cpp
WeightedFit.cpp(71): warning C4244: “=”: 从“double”转换到“int”，可能丢失数据
WeightedFit.cpp(74): warning C4244: “=”: 从“double”转换到“int”，可能丢失数据
WeightedFit.cpp(77): warning C4244: “=”: 从“double”转换到“int”，可能丢失数据
WeightedFit.cpp(80): warning C4244: “=”: 从“double”转换到“int”，可能丢失数据
WeightedFit.cpp(132): warning C4244: “=”: 从“double”转换到“int”，可能丢失数据
  正在生成代码...
c:\opencv\build\include\opencv2\core\cvstd.hpp(596): warning C4793: “cv::String::String”: 编译为本机的函数:
  	托管代码中发现一个不受支持的内部函数
c:\opencv\build\include\opencv2\core\mat.inl.hpp(413): warning C4793: “cv::Mat::Mat”: 编译为本机的函数:
  	托管代码中发现一个不受支持的内部函数
c:\opencv\build\include\opencv2\core\mat.inl.hpp(1929): warning C4793: “cv::SparseMat::addref”: 编译为本机的函数:
  	托管代码中发现一个不受支持的内部函数
c:\opencv\build\include\opencv2\core\mat.inl.hpp(3530): warning C4793: “cv::UMat::addref”: 编译为本机的函数:
  	托管代码中发现一个不受支持的内部函数
c:\opencv\build\include\opencv2\core\ptr.inl.hpp(67): warning C4793: “cv::detail::PtrOwner::incRef”: 编译为本机的函数:
  	托管代码中发现一个不受支持的内部函数
c:\opencv\build\include\opencv2\core\ptr.inl.hpp(72): warning C4793: “cv::detail::PtrOwner::decRef”: 编译为本机的函数:
  	托管代码中发现一个不受支持的内部函数
c:\opencv\build\include\opencv2\core\cvstd.hpp(596): warning C4793: “cv::String::String”: 编译为本机的函数:
  	托管代码中发现一个不受支持的内部函数
c:\opencv\build\include\opencv2\core\mat.inl.hpp(413): warning C4793: “cv::Mat::Mat”: 编译为本机的函数:
  	托管代码中发现一个不受支持的内部函数
c:\opencv\build\include\opencv2\core\mat.inl.hpp(1929): warning C4793: “cv::SparseMat::addref”: 编译为本机的函数:
  	托管代码中发现一个不受支持的内部函数
c:\opencv\build\include\opencv2\core\mat.inl.hpp(3530): warning C4793: “cv::UMat::addref”: 编译为本机的函数:
  	托管代码中发现一个不受支持的内部函数
c:\opencv\build\include\opencv2\core\ptr.inl.hpp(67): warning C4793: “cv::detail::PtrOwner::incRef”: 编译为本机的函数:
  	托管代码中发现一个不受支持的内部函数
c:\opencv\build\include\opencv2\core\ptr.inl.hpp(72): warning C4793: “cv::detail::PtrOwner::decRef”: 编译为本机的函数:
  	托管代码中发现一个不受支持的内部函数
  .NETFramework,Version=v4.0.AssemblyAttributes.cpp
  LINK : 已指定 /LTCG，但不需要生成代码；从链接命令行中移除 /LTCG 以提高链接器性能
  算法生成dll.vcxproj -> C:\Users\kaka\Desktop\self_project\裴成龙\8、设计\3、算法及界面\设计\x64\Release\数据算法C++生成dll.dll
  算法生成dll.vcxproj -> C:\Users\kaka\Desktop\self_project\裴成龙\8、设计\3、算法及界面\设计\x64\Release\数据算法C++生成dll.pdb (Full PDB)
